<?xml version="1.0" encoding="UTF-8"?>
<!-- Generated by org.testng.reporters.JUnitReportReporter -->
<testsuite hostname="DESKTOP-I3SSHQC" failures="0" tests="1" name="test.TestLogIn" time="45.355" errors="0" timestamp="14 Feb 2020 05:02:09 GMT">
  <testcase classname="test.TestLogIn" name="ActiLogin" time="45.355"/>
</testsuite> <!-- test.TestLogIn -->
