<?xml version="1.0" encoding="UTF-8"?>
<!-- Generated by org.testng.reporters.JUnitReportReporter -->
<testsuite hostname="DESKTOP-I3SSHQC" failures="0" tests="5" name="multiplePomClass.InvocationCount" time="259.741" errors="0" timestamp="15 Feb 2020 05:40:39 GMT">
  <testcase classname="multiplePomClass.InvocationCount" name="LoginMultiple" time="26.017"/>
  <testcase classname="multiplePomClass.InvocationCount" name="nameInActi" time="65.280"/>
  <testcase classname="multiplePomClass.InvocationCount" name="nameInActi" time="71.073"/>
  <testcase classname="multiplePomClass.InvocationCount" name="LoginMultiple" time="32.672"/>
  <testcase classname="multiplePomClass.InvocationCount" name="nameInActi" time="64.699"/>
</testsuite> <!-- multiplePomClass.InvocationCount -->
