<?xml version="1.0" encoding="UTF-8"?>
<!-- Generated by org.testng.reporters.JUnitReportReporter -->
<testsuite hostname="DESKTOP-I3SSHQC" failures="0" tests="2" name="multipleTestmethod.DependsOnMethod" time="34.209" errors="0" timestamp="15 Feb 2020 06:09:01 GMT">
  <testcase classname="multipleTestmethod.DependsOnMethod" name="openbrowser" time="24.179"/>
  <testcase classname="multipleTestmethod.DependsOnMethod" name="enterurl" time="10.030"/>
</testsuite> <!-- multipleTestmethod.DependsOnMethod -->
