<?xml version="1.0" encoding="UTF-8"?>
<!-- Generated by org.testng.reporters.JUnitReportReporter -->
<testsuite hostname="DESKTOP-I3SSHQC" failures="0" tests="1" name="multipleTestmethod.MultipleMethodExample" time="0.016" errors="0" timestamp="15 Feb 2020 04:52:47 GMT">
  <testcase classname="multipleTestmethod.MultipleMethodExample" name="Leema" time="0.016"/>
</testsuite> <!-- multipleTestmethod.MultipleMethodExample -->
