<?xml version="1.0" encoding="UTF-8"?>
<!-- Generated by org.testng.reporters.JUnitReportReporter -->
<testsuite hostname="DESKTOP-I3SSHQC" failures="0" tests="5" name="multiplePomClass.PrioANDInvocation" time="217.809" errors="0" timestamp="15 Feb 2020 05:48:31 GMT">
  <testcase classname="multiplePomClass.PrioANDInvocation" name="nameInActi" time="70.464"/>
  <testcase classname="multiplePomClass.PrioANDInvocation" name="LoginMultiple" time="25.131"/>
  <testcase classname="multiplePomClass.PrioANDInvocation" name="LoginMultiple" time="25.720"/>
  <testcase classname="multiplePomClass.PrioANDInvocation" name="nameInActi" time="72.049"/>
  <testcase classname="multiplePomClass.PrioANDInvocation" name="LoginMultiple" time="24.445"/>
</testsuite> <!-- multiplePomClass.PrioANDInvocation -->
