<?xml version="1.0" encoding="UTF-8"?>
<!-- Generated by org.testng.reporters.JUnitReportReporter -->
<testsuite hostname="DESKTOP-I3SSHQC" failures="0" tests="1" name="test.TestProject" time="88.094" errors="0" timestamp="14 Feb 2020 05:22:26 GMT">
  <testcase classname="test.TestProject" name="ProjectActi" time="88.094"/>
</testsuite> <!-- test.TestProject -->
