<?xml version="1.0" encoding="UTF-8"?>
<!-- Generated by org.testng.reporters.JUnitReportReporter -->
<testsuite hostname="DESKTOP-I3SSHQC" failures="0" tests="1" name="verification.VerifyTitle" time="292.019" errors="0" timestamp="16 Feb 2020 16:29:42 GMT">
  <testcase classname="verification.VerifyTitle" name="verify" time="292.019"/>
</testsuite> <!-- verification.VerifyTitle -->
